
> wwpsp@1.0.0 start
> node index.js server

JSON Server is running
[0mGET /portfolio/ [32m200[0m 11.415 ms - 834[0m
[0mGET /portfolio/ [36m304[0m 5.346 ms - -[0m
[0mGET /portfolio/ [36m304[0m 4.161 ms - -[0m
[0mGET /portfolio/ [36m304[0m 4.314 ms - -[0m
[0mGET /portfolio/ [36m304[0m 5.144 ms - -[0m
[0mGET /portfolio/ [36m304[0m 3.886 ms - -[0m
[0mGET /portfolio/ [36m304[0m 3.299 ms - -[0m
[0mGET /portfolio [32m200[0m 3.713 ms - 834[0m
[0mGET /portfolio [36m304[0m 3.232 ms - -[0m
[0mGET /portfolio/ [36m304[0m 3.768 ms - -[0m
[0mGET /portfolio/ [36m304[0m 4.698 ms - -[0m
[0mGET /portfolio/ [36m304[0m 4.038 ms - -[0m
[0mGET /portfolio/ [36m304[0m 2.515 ms - -[0m
[0mGET /portfolio/ [36m304[0m 3.844 ms - -[0m
[0mGET /portfolio/ [36m304[0m 3.621 ms - -[0m
[0mGET /portfolio/ [36m304[0m 3.300 ms - -[0m
[0mGET /portfolio/ [36m304[0m 3.446 ms - -[0m
[0mGET /portfolio/ [36m304[0m 4.021 ms - -[0m
[0mGET /portfolio/ [36m304[0m 2.215 ms - -[0m
[0mGET /portfolio/ [36m304[0m 3.537 ms - -[0m
[0mGET /portfolio/ [36m304[0m 3.602 ms - -[0m
[0mGET /portfolio/ [36m304[0m 3.475 ms - -[0m
[0mGET /portfolio/ [36m304[0m 1.925 ms - -[0m
